<?xml version="1.0" encoding="UTF-8"?>
<testsuite xmlns:xsi="http://www.w3.org/2001/XMLSchema-instance" xsi:noNamespaceSchemaLocation="https://maven.apache.org/surefire/maven-surefire-plugin/xsd/surefire-test-report.xsd" version="3.0.1" name="com.mycompany.app.AppTest" time="0.147" tests="5" errors="0" skipped="0" failures="0">
  <properties>
    <property name="java.specification.version" value="21"/>
    <property name="sun.jnu.encoding" value="UTF-8"/>
    <property name="java.class.path" value="/workspaces/cse2102public/Lab-3/pizza_factory/target/test-classes:/workspaces/cse2102public/Lab-3/pizza_factory/target/classes:/home/codespace/.m2/repository/org/junit/jupiter/junit-jupiter-api/5.11.0/junit-jupiter-api-5.11.0.jar:/home/codespace/.m2/repository/org/opentest4j/opentest4j/1.3.0/opentest4j-1.3.0.jar:/home/codespace/.m2/repository/org/junit/platform/junit-platform-commons/1.11.0/junit-platform-commons-1.11.0.jar:/home/codespace/.m2/repository/org/apiguardian/apiguardian-api/1.1.2/apiguardian-api-1.1.2.jar:/home/codespace/.m2/repository/org/junit/jupiter/junit-jupiter-params/5.11.0/junit-jupiter-params-5.11.0.jar:"/>
    <property name="java.vm.vendor" value="Microsoft"/>
    <property name="sun.arch.data.model" value="64"/>
    <property name="java.vendor.url" value="https://www.microsoft.com"/>
    <property name="os.name" value="Linux"/>
    <property name="java.vm.specification.version" value="21"/>
    <property name="sun.java.launcher" value="SUN_STANDARD"/>
    <property name="sun.boot.library.path" value="/usr/local/sdkman/candidates/java/21.0.4-ms/lib"/>
    <property name="sun.java.command" value="/workspaces/cse2102public/Lab-3/pizza_factory/target/surefire/surefirebooter-20241009035234638_3.jar /workspaces/cse2102public/Lab-3/pizza_factory/target/surefire 2024-10-09T03-52-34_525-jvmRun1 surefire-20241009035234638_1tmp surefire_0-20241009035234638_2tmp"/>
    <property name="jdk.debug" value="release"/>
    <property name="surefire.test.class.path" value="/workspaces/cse2102public/Lab-3/pizza_factory/target/test-classes:/workspaces/cse2102public/Lab-3/pizza_factory/target/classes:/home/codespace/.m2/repository/org/junit/jupiter/junit-jupiter-api/5.11.0/junit-jupiter-api-5.11.0.jar:/home/codespace/.m2/repository/org/opentest4j/opentest4j/1.3.0/opentest4j-1.3.0.jar:/home/codespace/.m2/repository/org/junit/platform/junit-platform-commons/1.11.0/junit-platform-commons-1.11.0.jar:/home/codespace/.m2/repository/org/apiguardian/apiguardian-api/1.1.2/apiguardian-api-1.1.2.jar:/home/codespace/.m2/repository/org/junit/jupiter/junit-jupiter-params/5.11.0/junit-jupiter-params-5.11.0.jar:"/>
    <property name="sun.cpu.endian" value="little"/>
    <property name="user.home" value="/home/codespace"/>
    <property name="user.language" value="en"/>
    <property name="java.specification.vendor" value="Oracle Corporation"/>
    <property name="java.version.date" value="2024-07-16"/>
    <property name="java.home" value="/usr/local/sdkman/candidates/java/21.0.4-ms"/>
    <property name="file.separator" value="/"/>
    <property name="basedir" value="/workspaces/cse2102public/Lab-3/pizza_factory"/>
    <property name="java.vm.compressedOopsMode" value="32-bit"/>
    <property name="line.separator" value="&#10;"/>
    <property name="java.specification.name" value="Java Platform API Specification"/>
    <property name="java.vm.specification.vendor" value="Oracle Corporation"/>
    <property name="surefire.real.class.path" value="/workspaces/cse2102public/Lab-3/pizza_factory/target/surefire/surefirebooter-20241009035234638_3.jar"/>
    <property name="sun.management.compiler" value="HotSpot 64-Bit Tiered Compilers"/>
    <property name="java.runtime.version" value="21.0.4+7-LTS"/>
    <property name="user.name" value="codespace"/>
    <property name="stdout.encoding" value="UTF-8"/>
    <property name="path.separator" value=":"/>
    <property name="os.version" value="6.5.0-1025-azure"/>
    <property name="java.runtime.name" value="OpenJDK Runtime Environment"/>
    <property name="file.encoding" value="UTF-8"/>
    <property name="java.vm.name" value="OpenJDK 64-Bit Server VM"/>
    <property name="java.vendor.version" value="Microsoft-9889606"/>
    <property name="localRepository" value="/home/codespace/.m2/repository"/>
    <property name="java.vendor.url.bug" value="https://github.com/microsoft/openjdk/issues"/>
    <property name="java.io.tmpdir" value="/tmp"/>
    <property name="java.version" value="21.0.4"/>
    <property name="user.dir" value="/workspaces/cse2102public/Lab-3/pizza_factory"/>
    <property name="os.arch" value="amd64"/>
    <property name="java.vm.specification.name" value="Java Virtual Machine Specification"/>
    <property name="native.encoding" value="UTF-8"/>
    <property name="java.library.path" value="/usr/java/packages/lib:/usr/lib64:/lib64:/lib:/usr/lib"/>
    <property name="java.vm.info" value="mixed mode, sharing"/>
    <property name="stderr.encoding" value="UTF-8"/>
    <property name="java.vendor" value="Microsoft"/>
    <property name="java.vm.version" value="21.0.4+7-LTS"/>
    <property name="sun.io.unicode.encoding" value="UnicodeLittle"/>
    <property name="java.class.version" value="65.0"/>
  </properties>
  <testcase name="WrongOrder" classname="com.mycompany.app.AppTest" time="0.105">
    <system-out><![CDATA[Cheese Pizza
It isn't done yet
----preparing a cheese pizza
---baking a cheese pizza
--cutting a cheese pizza
-boxing a cheese pizza
Finished making a cheese pizza

]]></system-out>
  </testcase>
  <testcase name="GlutenFreePizza" classname="com.mycompany.app.AppTest" time="0.002">
    <system-out><![CDATA[GlutenFree Pizza
----preparing a gluten free pizza
---baking a gluten free pizza
--cutting a gluten free pizza
-boxing a gluten free pizza
Finished making a gluten free pizza

]]></system-out>
  </testcase>
  <testcase name="PepperoniPizza" classname="com.mycompany.app.AppTest" time="0.002">
    <system-out><![CDATA[Pepperoni Pizza
----preparing a pepperoni pizza
---baking a pepperoni pizza
--cutting a pepperoni pizza
-boxing a pepperoni pizza
Finished making a pepperoni pizza

]]></system-out>
  </testcase>
  <testcase name="CheesePizza" classname="com.mycompany.app.AppTest" time="0.001">
    <system-out><![CDATA[Cheese Pizza
----preparing a cheese pizza
---baking a cheese pizza
--cutting a cheese pizza
-boxing a cheese pizza
Finished making a cheese pizza

]]></system-out>
  </testcase>
  <testcase name="GreekPizza" classname="com.mycompany.app.AppTest" time="0.001">
    <system-out><![CDATA[Greek Pizza
----preparing a greek pizza
---baking a greek pizza
--cutting a greek pizza
-boxing a greek pizza
Finished making a greek pizza

]]></system-out>
  </testcase>
</testsuite>